[02:59:36] [main/INFO]: Environment: authHost='https://authserver.mojang.com', accountsHost='https://api.mojang.com', sessionHost='https://sessionserver.mojang.com', name='PROD'
[02:59:37] [main/WARN]: Ambiguity between arguments [teleport, destination] and [teleport, targets] with inputs: [Player, 0123, @e, dd12be42-52a9-4a91-a8a1-11c01849e498]
[02:59:37] [main/WARN]: Ambiguity between arguments [teleport, location] and [teleport, destination] with inputs: [0.1 -0.5 .9, 0 0 0]
[02:59:37] [main/WARN]: Ambiguity between arguments [teleport, location] and [teleport, targets] with inputs: [0.1 -0.5 .9, 0 0 0]
[02:59:37] [main/WARN]: Ambiguity between arguments [teleport, targets] and [teleport, destination] with inputs: [Player, 0123, dd12be42-52a9-4a91-a8a1-11c01849e498]
[02:59:37] [main/WARN]: Ambiguity between arguments [teleport, targets, location] and [teleport, targets, destination] with inputs: [0.1 -0.5 .9, 0 0 0]
[02:59:38] [main/INFO]: Reloading ResourceManager: Default
[02:59:40] [Worker-Main-4/INFO]: Loaded 7 recipes
[02:59:41] [Worker-Main-4/INFO]: Loaded 927 advancements
[02:59:44] [Server thread/INFO]: Starting minecraft server version 1.16.3
[02:59:44] [Server thread/INFO]: Loading properties
[02:59:44] [Server thread/INFO]: Default game type: SURVIVAL
[02:59:44] [Server thread/INFO]: Generating keypair
[02:59:45] [Server thread/INFO]: Starting Minecraft server on *:25565
[02:59:45] [Server thread/INFO]: Using default channel type
[02:59:47] [Server thread/INFO]: Preparing level "world"
[02:59:47] [Server thread/INFO]: Preparing start region for dimension minecraft:overworld
[02:59:51] [Server thread/INFO]: Preparing spawn area: 0%
[02:59:51] [Server thread/INFO]: Preparing spawn area: 0%
[02:59:51] [Server thread/INFO]: Preparing spawn area: 0%
[02:59:51] [Server thread/INFO]: Preparing spawn area: 0%
[02:59:51] [Server thread/INFO]: Preparing spawn area: 0%
[02:59:51] [Server thread/INFO]: Preparing spawn area: 0%
[02:59:51] [Server thread/INFO]: Preparing spawn area: 0%
[02:59:51] [Server thread/INFO]: Preparing spawn area: 0%
[02:59:51] [Server thread/INFO]: Preparing spawn area: 0%
[02:59:51] [Server thread/INFO]: Preparing spawn area: 87%
[02:59:53] [Server thread/INFO]: Time elapsed: 5607 ms
[02:59:53] [Server thread/INFO]: Done (5.819s)! For help, type "help"
[02:59:55] [Server thread/WARN]: Can't keep up! Is the server overloaded? Running 2250ms or 45 ticks behind
[03:00:22] [Server thread/WARN]: Can't keep up! Is the server overloaded? Running 12042ms or 240 ticks behind
[03:02:48] [User Authenticator #1/INFO]: UUID of player Cringe69xd is 9cdf2bb4-77c3-4dec-b85e-bf9341412377
[03:02:49] [Server thread/INFO]: Cringe69xd[/192.168.1.177:54269] logged in with entity id 316 at (-122.5863465499641, 69.16610926093821, 378.36447271321197)
[03:02:49] [Server thread/INFO]: Cringe69xd joined the game
[03:02:50] [Server thread/WARN]: Can't keep up! Is the server overloaded? Running 2097ms or 41 ticks behind
[03:03:26] [Server thread/WARN]: Can't keep up! Is the server overloaded? Running 21076ms or 421 ticks behind
[03:03:45] [Server thread/WARN]: Can't keep up! Is the server overloaded? Running 3500ms or 70 ticks behind
[03:04:02] [Server thread/WARN]: Can't keep up! Is the server overloaded? Running 2384ms or 47 ticks behind
[03:04:20] [Server thread/WARN]: Can't keep up! Is the server overloaded? Running 2005ms or 40 ticks behind
[03:04:39] [Server thread/WARN]: Can't keep up! Is the server overloaded? Running 4499ms or 89 ticks behind
[03:04:56] [Server thread/WARN]: Can't keep up! Is the server overloaded? Running 2385ms or 47 ticks behind
[03:05:14] [Server thread/WARN]: Can't keep up! Is the server overloaded? Running 2108ms or 42 ticks behind
[03:05:31] [Server thread/WARN]: Can't keep up! Is the server overloaded? Running 2006ms or 40 ticks behind
[03:05:52] [Server thread/WARN]: Cringe69xd moved too quickly! -4.138261531995088,-2.249187078744683,8.891364204246997
[03:05:52] [Server thread/WARN]: Can't keep up! Is the server overloaded? Running 2965ms or 59 ticks behind
[03:06:29] [Server thread/WARN]: Can't keep up! Is the server overloaded? Running 2011ms or 40 ticks behind
[03:06:48] [Server thread/WARN]: Can't keep up! Is the server overloaded? Running 4137ms or 82 ticks behind
[03:06:55] [Server thread/INFO]: Cringe69xd lost connection: Disconnected
[03:06:55] [Server thread/INFO]: Cringe69xd left the game
[03:07:06] [Server thread/WARN]: Can't keep up! Is the server overloaded? Running 2265ms or 45 ticks behind
[03:18:51] [Server console handler/ERROR]: Exception handling console input
java.io.IOException: Input/output error
	at java.io.FileInputStream.readBytes(Native Method) ~[?:1.8.0_212]
	at java.io.FileInputStream.read(FileInputStream.java:255) ~[?:1.8.0_212]
	at java.io.BufferedInputStream.read1(BufferedInputStream.java:284) ~[?:1.8.0_212]
	at java.io.BufferedInputStream.read(BufferedInputStream.java:345) ~[?:1.8.0_212]
	at sun.nio.cs.StreamDecoder.readBytes(StreamDecoder.java:284) ~[?:1.8.0_212]
	at sun.nio.cs.StreamDecoder.implRead(StreamDecoder.java:326) ~[?:1.8.0_212]
	at sun.nio.cs.StreamDecoder.read(StreamDecoder.java:178) ~[?:1.8.0_212]
	at java.io.InputStreamReader.read(InputStreamReader.java:184) ~[?:1.8.0_212]
	at java.io.BufferedReader.fill(BufferedReader.java:161) ~[?:1.8.0_212]
	at java.io.BufferedReader.readLine(BufferedReader.java:324) ~[?:1.8.0_212]
	at java.io.BufferedReader.readLine(BufferedReader.java:389) ~[?:1.8.0_212]
	at zg$1.run(SourceFile:89) [server.jar:?]
